{"contracts/Channel.sol":{"l":{"29":64,"30":64,"34":8,"35":7,"39":44,"40":41,"44":8,"45":7,"51":40,"52":40,"53":40,"54":40,"55":40,"56":40,"57":40,"58":40,"59":40,"67":29,"68":28,"69":28,"70":28,"72":28,"80":7,"81":5,"84":4,"89":4,"91":3,"94":3,"95":3,"103":7,"104":6,"107":5,"112":5,"114":4,"119":4,"122":3,"123":3,"131":9,"132":8,"134":7,"135":7,"136":7,"137":7,"145":3,"146":2,"148":1,"149":1,"154":7,"166":1,"167":1,"177":9,"185":9,"186":9,"193":4,"201":4,"202":4,"210":4,"211":4,"212":4,"213":4,"216":4,"217":4,"221":40,"222":40,"225":40},"path":"/home/aniket/projects/wandx/paymentchannel/contracts/Channel.sol","s":{"1":64,"2":8,"3":44,"4":8,"5":40,"6":40,"7":40,"8":40,"9":40,"10":40,"11":40,"12":40,"13":40,"14":29,"15":28,"16":28,"17":28,"18":28,"19":7,"20":5,"21":4,"22":4,"23":3,"24":3,"25":3,"26":7,"27":6,"28":5,"29":5,"30":4,"31":4,"32":3,"33":3,"34":9,"35":8,"36":7,"37":7,"38":7,"39":7,"40":3,"41":2,"42":1,"43":1,"44":7,"45":1,"46":1,"47":9,"48":9,"49":9,"50":4,"51":4,"52":4,"53":4,"54":4,"55":4,"56":4,"57":4,"58":4,"59":40},"b":{"1":[64,0],"2":[7,1],"3":[41,3],"4":[7,1],"5":[40,0],"6":[40,0],"7":[28,1],"8":[28,0],"9":[5,2],"10":[4,1],"11":[3,1],"12":[3,0],"13":[6,1],"14":[5,1],"15":[4,1],"16":[3,1],"17":[3,0],"18":[8,1],"19":[7,1],"20":[2,1],"21":[1,1],"22":[1,0],"23":[1,0],"24":[4,0],"25":[4,0]},"f":{"1":64,"2":8,"3":44,"4":8,"5":40,"6":29,"7":7,"8":7,"9":9,"10":3,"11":7,"12":1,"13":9,"14":4,"15":4,"16":40},"fnMap":{"1":{"name":"onlyFactory","line":28,"loc":{"start":{"line":28,"column":4},"end":{"line":28,"column":24}}},"2":{"name":"originReceiver","line":33,"loc":{"start":{"line":33,"column":4},"end":{"line":33,"column":27}}},"3":{"name":"originSender","line":38,"loc":{"start":{"line":38,"column":4},"end":{"line":38,"column":25}}},"4":{"name":"originSenderOrReceiver","line":43,"loc":{"start":{"line":43,"column":4},"end":{"line":43,"column":35}}},"5":{"name":"Channel","line":48,"loc":{"start":{"line":48,"column":4},"end":{"line":50,"column":5}}},"6":{"name":"recharge","line":62,"loc":{"start":{"line":62,"column":4},"end":{"line":66,"column":5}}},"7":{"name":"withdraw","line":75,"loc":{"start":{"line":75,"column":4},"end":{"line":79,"column":5}}},"8":{"name":"mutualSettlement","line":98,"loc":{"start":{"line":98,"column":4},"end":{"line":102,"column":5}}},"9":{"name":"challengedSettlement","line":126,"loc":{"start":{"line":126,"column":4},"end":{"line":130,"column":5}}},"10":{"name":"afterChallengeSettle","line":140,"loc":{"start":{"line":140,"column":4},"end":{"line":144,"column":5}}},"11":{"name":"getChannelInfo","line":153,"loc":{"start":{"line":153,"column":4},"end":{"line":153,"column":119}}},"12":{"name":"getChallengeInfo","line":165,"loc":{"start":{"line":165,"column":4},"end":{"line":165,"column":82}}},"13":{"name":"extractBalanceProofSignature","line":173,"loc":{"start":{"line":173,"column":4},"end":{"line":176,"column":5}}},"14":{"name":"extractClosingSignature","line":189,"loc":{"start":{"line":189,"column":4},"end":{"line":192,"column":5}}},"15":{"name":"settleChannel","line":205,"loc":{"start":{"line":205,"column":4},"end":{"line":208,"column":5}}},"16":{"name":"addressHasCode","line":220,"loc":{"start":{"line":220,"column":4},"end":{"line":220,"column":73}}}},"statementMap":{"1":{"start":{"line":29,"column":8},"end":{"line":29,"column":37}},"2":{"start":{"line":34,"column":8},"end":{"line":34,"column":37}},"3":{"start":{"line":39,"column":8},"end":{"line":39,"column":35}},"4":{"start":{"line":44,"column":8},"end":{"line":44,"column":60}},"5":{"start":{"line":51,"column":8},"end":{"line":51,"column":35}},"6":{"start":{"line":52,"column":8},"end":{"line":52,"column":39}},"7":{"start":{"line":53,"column":8},"end":{"line":53,"column":27}},"8":{"start":{"line":54,"column":8},"end":{"line":54,"column":23}},"9":{"start":{"line":55,"column":8},"end":{"line":55,"column":27}},"10":{"start":{"line":56,"column":8},"end":{"line":56,"column":39}},"11":{"start":{"line":57,"column":8},"end":{"line":57,"column":41}},"12":{"start":{"line":58,"column":8},"end":{"line":58,"column":22}},"13":{"start":{"line":59,"column":8},"end":{"line":59,"column":31}},"14":{"start":{"line":67,"column":8},"end":{"line":67,"column":66}},"15":{"start":{"line":68,"column":8},"end":{"line":68,"column":67}},"16":{"start":{"line":69,"column":8},"end":{"line":69,"column":34}},"17":{"start":{"line":70,"column":8},"end":{"line":70,"column":31}},"18":{"start":{"line":72,"column":8},"end":{"line":72,"column":19}},"19":{"start":{"line":80,"column":8},"end":{"line":80,"column":41}},"20":{"start":{"line":81,"column":8},"end":{"line":81,"column":66}},"21":{"start":{"line":84,"column":8},"end":{"line":84,"column":2076}},"22":{"start":{"line":89,"column":8},"end":{"line":89,"column":39}},"23":{"start":{"line":91,"column":8},"end":{"line":91,"column":56}},"24":{"start":{"line":94,"column":8},"end":{"line":94,"column":50}},"25":{"start":{"line":95,"column":8},"end":{"line":95,"column":19}},"26":{"start":{"line":103,"column":8},"end":{"line":103,"column":72}},"27":{"start":{"line":104,"column":8},"end":{"line":104,"column":66}},"28":{"start":{"line":107,"column":8},"end":{"line":107,"column":2890}},"29":{"start":{"line":112,"column":8},"end":{"line":112,"column":36}},"30":{"start":{"line":114,"column":8},"end":{"line":114,"column":3131}},"31":{"start":{"line":119,"column":8},"end":{"line":119,"column":40}},"32":{"start":{"line":122,"column":8},"end":{"line":122,"column":57}},"33":{"start":{"line":123,"column":8},"end":{"line":123,"column":19}},"34":{"start":{"line":131,"column":8},"end":{"line":131,"column":41}},"35":{"start":{"line":132,"column":8},"end":{"line":132,"column":44}},"36":{"start":{"line":134,"column":8},"end":{"line":134,"column":31}},"37":{"start":{"line":135,"column":8},"end":{"line":135,"column":33}},"38":{"start":{"line":136,"column":8},"end":{"line":136,"column":36}},"39":{"start":{"line":137,"column":8},"end":{"line":137,"column":19}},"40":{"start":{"line":145,"column":8},"end":{"line":145,"column":43}},"41":{"start":{"line":146,"column":8},"end":{"line":146,"column":70}},"42":{"start":{"line":148,"column":8},"end":{"line":148,"column":67}},"43":{"start":{"line":149,"column":8},"end":{"line":149,"column":33}},"44":{"start":{"line":154,"column":8},"end":{"line":154,"column":4311}},"45":{"start":{"line":166,"column":8},"end":{"line":166,"column":43}},"46":{"start":{"line":167,"column":8},"end":{"line":167,"column":4694}},"47":{"start":{"line":177,"column":8},"end":{"line":177,"column":4980}},"48":{"start":{"line":185,"column":8},"end":{"line":185,"column":60}},"49":{"start":{"line":186,"column":8},"end":{"line":186,"column":21}},"50":{"start":{"line":193,"column":8},"end":{"line":193,"column":5452}},"51":{"start":{"line":201,"column":8},"end":{"line":201,"column":60}},"52":{"start":{"line":202,"column":8},"end":{"line":202,"column":21}},"53":{"start":{"line":210,"column":8},"end":{"line":210,"column":68}},"54":{"start":{"line":211,"column":8},"end":{"line":211,"column":68}},"55":{"start":{"line":212,"column":8},"end":{"line":212,"column":29}},"56":{"start":{"line":213,"column":8},"end":{"line":213,"column":73}},"57":{"start":{"line":216,"column":8},"end":{"line":216,"column":93}},"58":{"start":{"line":217,"column":8},"end":{"line":217,"column":19}},"59":{"start":{"line":225,"column":8},"end":{"line":225,"column":23}}},"branchMap":{"1":{"line":29,"type":"if","locations":[{"start":{"line":29,"column":8},"end":{"line":29,"column":8}},{"start":{"line":29,"column":8},"end":{"line":29,"column":8}}]},"2":{"line":34,"type":"if","locations":[{"start":{"line":34,"column":8},"end":{"line":34,"column":8}},{"start":{"line":34,"column":8},"end":{"line":34,"column":8}}]},"3":{"line":39,"type":"if","locations":[{"start":{"line":39,"column":8},"end":{"line":39,"column":8}},{"start":{"line":39,"column":8},"end":{"line":39,"column":8}}]},"4":{"line":44,"type":"if","locations":[{"start":{"line":44,"column":8},"end":{"line":44,"column":8}},{"start":{"line":44,"column":8},"end":{"line":44,"column":8}}]},"5":{"line":52,"type":"if","locations":[{"start":{"line":52,"column":8},"end":{"line":52,"column":8}},{"start":{"line":52,"column":8},"end":{"line":52,"column":8}}]},"6":{"line":56,"type":"if","locations":[{"start":{"line":56,"column":8},"end":{"line":56,"column":8}},{"start":{"line":56,"column":8},"end":{"line":56,"column":8}}]},"7":{"line":67,"type":"if","locations":[{"start":{"line":67,"column":8},"end":{"line":67,"column":8}},{"start":{"line":67,"column":8},"end":{"line":67,"column":8}}]},"8":{"line":68,"type":"if","locations":[{"start":{"line":68,"column":8},"end":{"line":68,"column":8}},{"start":{"line":68,"column":8},"end":{"line":68,"column":8}}]},"9":{"line":80,"type":"if","locations":[{"start":{"line":80,"column":8},"end":{"line":80,"column":8}},{"start":{"line":80,"column":8},"end":{"line":80,"column":8}}]},"10":{"line":81,"type":"if","locations":[{"start":{"line":81,"column":8},"end":{"line":81,"column":8}},{"start":{"line":81,"column":8},"end":{"line":81,"column":8}}]},"11":{"line":89,"type":"if","locations":[{"start":{"line":89,"column":8},"end":{"line":89,"column":8}},{"start":{"line":89,"column":8},"end":{"line":89,"column":8}}]},"12":{"line":94,"type":"if","locations":[{"start":{"line":94,"column":8},"end":{"line":94,"column":8}},{"start":{"line":94,"column":8},"end":{"line":94,"column":8}}]},"13":{"line":103,"type":"if","locations":[{"start":{"line":103,"column":8},"end":{"line":103,"column":8}},{"start":{"line":103,"column":8},"end":{"line":103,"column":8}}]},"14":{"line":104,"type":"if","locations":[{"start":{"line":104,"column":8},"end":{"line":104,"column":8}},{"start":{"line":104,"column":8},"end":{"line":104,"column":8}}]},"15":{"line":112,"type":"if","locations":[{"start":{"line":112,"column":8},"end":{"line":112,"column":8}},{"start":{"line":112,"column":8},"end":{"line":112,"column":8}}]},"16":{"line":119,"type":"if","locations":[{"start":{"line":119,"column":8},"end":{"line":119,"column":8}},{"start":{"line":119,"column":8},"end":{"line":119,"column":8}}]},"17":{"line":122,"type":"if","locations":[{"start":{"line":122,"column":8},"end":{"line":122,"column":8}},{"start":{"line":122,"column":8},"end":{"line":122,"column":8}}]},"18":{"line":131,"type":"if","locations":[{"start":{"line":131,"column":8},"end":{"line":131,"column":8}},{"start":{"line":131,"column":8},"end":{"line":131,"column":8}}]},"19":{"line":132,"type":"if","locations":[{"start":{"line":132,"column":8},"end":{"line":132,"column":8}},{"start":{"line":132,"column":8},"end":{"line":132,"column":8}}]},"20":{"line":145,"type":"if","locations":[{"start":{"line":145,"column":8},"end":{"line":145,"column":8}},{"start":{"line":145,"column":8},"end":{"line":145,"column":8}}]},"21":{"line":146,"type":"if","locations":[{"start":{"line":146,"column":8},"end":{"line":146,"column":8}},{"start":{"line":146,"column":8},"end":{"line":146,"column":8}}]},"22":{"line":148,"type":"if","locations":[{"start":{"line":148,"column":8},"end":{"line":148,"column":8}},{"start":{"line":148,"column":8},"end":{"line":148,"column":8}}]},"23":{"line":166,"type":"if","locations":[{"start":{"line":166,"column":8},"end":{"line":166,"column":8}},{"start":{"line":166,"column":8},"end":{"line":166,"column":8}}]},"24":{"line":213,"type":"if","locations":[{"start":{"line":213,"column":8},"end":{"line":213,"column":8}},{"start":{"line":213,"column":8},"end":{"line":213,"column":8}}]},"25":{"line":216,"type":"if","locations":[{"start":{"line":216,"column":8},"end":{"line":216,"column":8}},{"start":{"line":216,"column":8},"end":{"line":216,"column":8}}]}}},"contracts/ECVerification.sol":{"l":{"6":15,"8":14,"9":14,"10":14,"15":14,"22":14,"23":14,"26":14,"30":14,"31":14,"32":14,"35":14,"37":14},"path":"/home/aniket/projects/wandx/paymentchannel/contracts/ECVerification.sol","s":{"1":15,"2":14,"3":14,"4":14,"5":14,"6":14,"7":14,"8":14,"9":14},"b":{"1":[14,1],"2":[14,0],"3":[14,0],"4":[14,0]},"f":{"1":15},"fnMap":{"1":{"name":"ecverify","line":5,"loc":{"start":{"line":5,"column":4},"end":{"line":5,"column":97}}}},"statementMap":{"1":{"start":{"line":6,"column":8},"end":{"line":6,"column":38}},"2":{"start":{"line":22,"column":8},"end":{"line":22,"column":679}},"3":{"start":{"line":23,"column":12},"end":{"line":23,"column":18}},"4":{"start":{"line":26,"column":8},"end":{"line":26,"column":34}},"5":{"start":{"line":30,"column":8},"end":{"line":30,"column":63}},"6":{"start":{"line":31,"column":8},"end":{"line":31,"column":37}},"7":{"start":{"line":32,"column":8},"end":{"line":32,"column":50}},"8":{"start":{"line":35,"column":8},"end":{"line":35,"column":39}},"9":{"start":{"line":37,"column":8},"end":{"line":37,"column":31}}},"branchMap":{"1":{"line":6,"type":"if","locations":[{"start":{"line":6,"column":8},"end":{"line":6,"column":8}},{"start":{"line":6,"column":8},"end":{"line":6,"column":8}}]},"2":{"line":22,"type":"if","locations":[{"start":{"line":22,"column":8},"end":{"line":22,"column":8}},{"start":{"line":22,"column":8},"end":{"line":22,"column":8}}]},"3":{"line":26,"type":"if","locations":[{"start":{"line":26,"column":8},"end":{"line":26,"column":8}},{"start":{"line":26,"column":8},"end":{"line":26,"column":8}}]},"4":{"line":35,"type":"if","locations":[{"start":{"line":35,"column":8},"end":{"line":35,"column":8}},{"start":{"line":35,"column":8},"end":{"line":35,"column":8}}]}}},"contracts/Factory.sol":{"l":{"14":101,"15":96,"19":43,"20":42,"24":119,"25":113,"50":43,"58":40,"59":40,"60":40,"61":40,"62":40,"64":40,"71":30,"72":30,"74":28,"81":8,"82":8,"84":3,"91":8,"92":8,"94":3,"101":10,"102":10,"104":7,"111":4,"112":4,"114":1,"122":7,"130":1,"134":1,"138":1,"142":159,"143":159,"146":159},"path":"/home/aniket/projects/wandx/paymentchannel/contracts/Factory.sol","s":{"1":101,"2":43,"3":119,"4":43,"5":40,"6":40,"7":40,"8":40,"9":30,"10":30,"11":28,"12":8,"13":8,"14":3,"15":8,"16":8,"17":3,"18":10,"19":10,"20":7,"21":4,"22":4,"23":1,"24":7,"25":1,"26":1,"27":1,"28":159},"b":{"1":[96,5],"2":[42,1],"3":[113,6],"4":[40,0],"5":[28,2],"6":[3,5],"7":[3,5],"8":[7,3]},"f":{"1":101,"2":43,"3":119,"4":43,"5":40,"6":30,"7":8,"8":8,"9":10,"10":4,"11":7,"12":1,"13":1,"14":1,"15":159},"fnMap":{"1":{"name":"nonZero","line":13,"loc":{"start":{"line":13,"column":4},"end":{"line":13,"column":31}}},"2":{"name":"nonZeroAddress","line":18,"loc":{"start":{"line":18,"column":4},"end":{"line":18,"column":40}}},"3":{"name":"isContractAddress","line":23,"loc":{"start":{"line":23,"column":4},"end":{"line":23,"column":43}}},"4":{"name":"Factory","line":49,"loc":{"start":{"line":49,"column":4},"end":{"line":49,"column":27}}},"5":{"name":"createChannel","line":54,"loc":{"start":{"line":54,"column":4},"end":{"line":57,"column":5}}},"6":{"name":"rechargeChannel","line":67,"loc":{"start":{"line":67,"column":4},"end":{"line":70,"column":5}}},"7":{"name":"withdrawFromChannel","line":77,"loc":{"start":{"line":77,"column":4},"end":{"line":80,"column":5}}},"8":{"name":"channelMutualSettlement","line":87,"loc":{"start":{"line":87,"column":4},"end":{"line":90,"column":5}}},"9":{"name":"channelChallengedSettlement","line":97,"loc":{"start":{"line":97,"column":4},"end":{"line":100,"column":5}}},"10":{"name":"channelAfterChallengeSettlement","line":107,"loc":{"start":{"line":107,"column":4},"end":{"line":110,"column":5}}},"11":{"name":"getInfo","line":117,"loc":{"start":{"line":117,"column":4},"end":{"line":121,"column":5}}},"12":{"name":"getChallengeDetails","line":125,"loc":{"start":{"line":125,"column":4},"end":{"line":129,"column":5}}},"13":{"name":"getAllChannelsAsSender","line":133,"loc":{"start":{"line":133,"column":4},"end":{"line":133,"column":70}}},"14":{"name":"getAllChannelsAsReceiver","line":137,"loc":{"start":{"line":137,"column":4},"end":{"line":137,"column":72}}},"15":{"name":"addressHasCode","line":141,"loc":{"start":{"line":141,"column":4},"end":{"line":141,"column":73}}}},"statementMap":{"1":{"start":{"line":14,"column":8},"end":{"line":14,"column":26}},"2":{"start":{"line":19,"column":8},"end":{"line":19,"column":35}},"3":{"start":{"line":24,"column":8},"end":{"line":24,"column":60}},"4":{"start":{"line":50,"column":8},"end":{"line":50,"column":25}},"5":{"start":{"line":58,"column":8},"end":{"line":58,"column":34}},"6":{"start":{"line":59,"column":8},"end":{"line":59,"column":81}},"7":{"start":{"line":60,"column":8},"end":{"line":60,"column":39}},"8":{"start":{"line":64,"column":8},"end":{"line":64,"column":49}},"9":{"start":{"line":71,"column":8},"end":{"line":71,"column":41}},"10":{"start":{"line":72,"column":8},"end":{"line":72,"column":42}},"11":{"start":{"line":74,"column":8},"end":{"line":74,"column":45}},"12":{"start":{"line":81,"column":8},"end":{"line":81,"column":41}},"13":{"start":{"line":82,"column":8},"end":{"line":82,"column":55}},"14":{"start":{"line":84,"column":8},"end":{"line":84,"column":44}},"15":{"start":{"line":91,"column":8},"end":{"line":91,"column":41}},"16":{"start":{"line":92,"column":8},"end":{"line":92,"column":76}},"17":{"start":{"line":94,"column":8},"end":{"line":94,"column":43}},"18":{"start":{"line":101,"column":8},"end":{"line":101,"column":41}},"19":{"start":{"line":102,"column":8},"end":{"line":102,"column":54}},"20":{"start":{"line":104,"column":8},"end":{"line":104,"column":46}},"21":{"start":{"line":111,"column":8},"end":{"line":111,"column":41}},"22":{"start":{"line":112,"column":8},"end":{"line":112,"column":52}},"23":{"start":{"line":114,"column":8},"end":{"line":114,"column":42}},"24":{"start":{"line":122,"column":8},"end":{"line":122,"column":56}},"25":{"start":{"line":130,"column":8},"end":{"line":130,"column":58}},"26":{"start":{"line":134,"column":8},"end":{"line":134,"column":43}},"27":{"start":{"line":138,"column":8},"end":{"line":138,"column":45}},"28":{"start":{"line":146,"column":8},"end":{"line":146,"column":23}}},"branchMap":{"1":{"line":14,"type":"if","locations":[{"start":{"line":14,"column":8},"end":{"line":14,"column":8}},{"start":{"line":14,"column":8},"end":{"line":14,"column":8}}]},"2":{"line":19,"type":"if","locations":[{"start":{"line":19,"column":8},"end":{"line":19,"column":8}},{"start":{"line":19,"column":8},"end":{"line":19,"column":8}}]},"3":{"line":24,"type":"if","locations":[{"start":{"line":24,"column":8},"end":{"line":24,"column":8}},{"start":{"line":24,"column":8},"end":{"line":24,"column":8}}]},"4":{"line":60,"type":"if","locations":[{"start":{"line":60,"column":8},"end":{"line":60,"column":8}},{"start":{"line":60,"column":8},"end":{"line":60,"column":8}}]},"5":{"line":72,"type":"if","locations":[{"start":{"line":72,"column":8},"end":{"line":72,"column":8}},{"start":{"line":72,"column":8},"end":{"line":72,"column":8}}]},"6":{"line":82,"type":"if","locations":[{"start":{"line":82,"column":8},"end":{"line":82,"column":8}},{"start":{"line":82,"column":8},"end":{"line":82,"column":8}}]},"7":{"line":92,"type":"if","locations":[{"start":{"line":92,"column":8},"end":{"line":92,"column":8}},{"start":{"line":92,"column":8},"end":{"line":92,"column":8}}]},"8":{"line":102,"type":"if","locations":[{"start":{"line":102,"column":8},"end":{"line":102,"column":8}},{"start":{"line":102,"column":8},"end":{"line":102,"column":8}}]}}},"contracts/lib/safeMath.sol":{"l":{"25":87,"26":87,"30":43,"31":43,"32":43},"path":"/home/aniket/projects/wandx/paymentchannel/contracts/lib/safeMath.sol","s":{"1":87,"2":87,"3":43,"4":43,"5":43},"b":{"1":[87,0],"2":[43,0]},"f":{"1":87,"2":43},"fnMap":{"1":{"name":"sub","line":24,"loc":{"start":{"line":24,"column":2},"end":{"line":24,"column":68}}},"2":{"name":"add","line":29,"loc":{"start":{"line":29,"column":2},"end":{"line":29,"column":68}}}},"statementMap":{"1":{"start":{"line":25,"column":4},"end":{"line":25,"column":17}},"2":{"start":{"line":26,"column":4},"end":{"line":26,"column":16}},"3":{"start":{"line":30,"column":4},"end":{"line":30,"column":20}},"4":{"start":{"line":31,"column":4},"end":{"line":31,"column":17}},"5":{"start":{"line":32,"column":4},"end":{"line":32,"column":12}}},"branchMap":{"1":{"line":25,"type":"if","locations":[{"start":{"line":25,"column":4},"end":{"line":25,"column":4}},{"start":{"line":25,"column":4},"end":{"line":25,"column":4}}]},"2":{"line":31,"type":"if","locations":[{"start":{"line":31,"column":4},"end":{"line":31,"column":4}},{"start":{"line":31,"column":4},"end":{"line":31,"column":4}}]}}},"contracts/tests/TestToken.sol":{"l":{"30":12,"31":12,"32":12,"33":12,"34":12,"36":0,"49":28,"50":28,"51":28,"52":28,"53":28,"54":28,"55":28,"57":0,"69":41,"78":31,"80":31,"81":31,"82":31,"92":30,"106":40},"path":"/home/aniket/projects/wandx/paymentchannel/contracts/tests/TestToken.sol","s":{"1":12,"2":12,"3":12,"4":12,"5":12,"6":0,"7":28,"8":28,"9":28,"10":28,"11":28,"12":28,"13":28,"14":0,"15":41,"16":31,"17":31,"18":31,"19":31,"20":30,"21":40},"b":{"1":[12,0],"2":[28,0],"3":[31,0]},"f":{"1":12,"2":28,"3":41,"4":31,"5":30,"6":40},"fnMap":{"1":{"name":"transfer","line":29,"loc":{"start":{"line":29,"column":4},"end":{"line":29,"column":70}}},"2":{"name":"transferFrom","line":48,"loc":{"start":{"line":48,"column":4},"end":{"line":48,"column":89}}},"3":{"name":"balanceOf","line":68,"loc":{"start":{"line":68,"column":4},"end":{"line":68,"column":74}}},"4":{"name":"approve","line":72,"loc":{"start":{"line":72,"column":2},"end":{"line":72,"column":74}}},"5":{"name":"allowance","line":91,"loc":{"start":{"line":91,"column":2},"end":{"line":91,"column":94}}},"6":{"name":"TestToken","line":105,"loc":{"start":{"line":105,"column":4},"end":{"line":105,"column":29}}}},"statementMap":{"1":{"start":{"line":30,"column":8},"end":{"line":30,"column":1064}},"2":{"start":{"line":31,"column":12},"end":{"line":31,"column":66}},"3":{"start":{"line":32,"column":12},"end":{"line":32,"column":52}},"4":{"start":{"line":33,"column":12},"end":{"line":33,"column":44}},"5":{"start":{"line":34,"column":12},"end":{"line":34,"column":23}},"6":{"start":{"line":36,"column":12},"end":{"line":36,"column":24}},"7":{"start":{"line":49,"column":6},"end":{"line":49,"column":1774}},"8":{"start":{"line":50,"column":8},"end":{"line":50,"column":54}},"9":{"start":{"line":51,"column":8},"end":{"line":51,"column":58}},"10":{"start":{"line":52,"column":8},"end":{"line":52,"column":48}},"11":{"start":{"line":53,"column":8},"end":{"line":53,"column":52}},"12":{"start":{"line":54,"column":8},"end":{"line":54,"column":35}},"13":{"start":{"line":55,"column":8},"end":{"line":55,"column":19}},"14":{"start":{"line":57,"column":8},"end":{"line":57,"column":20}},"15":{"start":{"line":69,"column":4},"end":{"line":69,"column":27}},"16":{"start":{"line":78,"column":4},"end":{"line":78,"column":65}},"17":{"start":{"line":80,"column":4},"end":{"line":80,"column":41}},"18":{"start":{"line":81,"column":4},"end":{"line":81,"column":41}},"19":{"start":{"line":82,"column":4},"end":{"line":82,"column":15}},"20":{"start":{"line":92,"column":4},"end":{"line":92,"column":36}},"21":{"start":{"line":106,"column":6},"end":{"line":106,"column":39}}},"branchMap":{"1":{"line":30,"type":"if","locations":[{"start":{"line":30,"column":8},"end":{"line":30,"column":8}},{"start":{"line":30,"column":8},"end":{"line":30,"column":8}}]},"2":{"line":49,"type":"if","locations":[{"start":{"line":49,"column":6},"end":{"line":49,"column":6}},{"start":{"line":49,"column":6},"end":{"line":49,"column":6}}]},"3":{"line":78,"type":"if","locations":[{"start":{"line":78,"column":4},"end":{"line":78,"column":4}},{"start":{"line":78,"column":4},"end":{"line":78,"column":4}}]}}},"contracts/token/Token.sol":{"l":{},"path":"/home/aniket/projects/wandx/paymentchannel/contracts/token/Token.sol","s":{},"b":{},"f":{},"fnMap":{},"statementMap":{},"branchMap":{}}}