{"contracts/Channel.sol":{"l":{"32":63,"33":63,"42":40,"43":40,"44":40,"45":40,"46":40,"47":40,"48":40,"49":40,"50":40,"63":30,"64":29,"65":29,"66":29,"82":7,"83":5,"84":4,"86":3,"87":3,"88":3,"107":6,"108":6,"109":5,"110":4,"111":3,"112":3,"125":9,"126":8,"128":7,"129":7,"130":7,"131":7,"143":3,"144":2,"146":1,"147":1,"155":7,"171":1,"172":1,"191":9,"192":9,"193":7,"209":4,"210":4,"211":3,"226":4,"227":4,"228":4,"229":4,"232":4,"233":4,"242":40,"243":40,"246":40},"path":"/home/aniket/projects/wandx/paymentchannel/contracts/Channel.sol","s":{"1":63,"2":40,"3":40,"4":40,"5":40,"6":40,"7":40,"8":40,"9":40,"10":40,"11":30,"12":29,"13":29,"14":29,"15":7,"16":5,"17":4,"18":3,"19":3,"20":3,"21":6,"22":6,"23":5,"24":4,"25":3,"26":3,"27":9,"28":8,"29":7,"30":7,"31":7,"32":7,"33":3,"34":2,"35":1,"36":1,"37":7,"38":1,"39":1,"40":9,"41":9,"42":7,"43":4,"44":4,"45":3,"46":4,"47":4,"48":4,"49":4,"50":4,"51":4,"52":40},"b":{"1":[63,0],"2":[40,0],"3":[40,0],"4":[29,1],"5":[5,2],"6":[4,1],"7":[3,1],"8":[3,0],"9":[6,0],"10":[5,1],"11":[4,1],"12":[3,1],"13":[3,0],"14":[8,1],"15":[7,1],"16":[2,1],"17":[1,1],"18":[1,0],"19":[1,0],"20":[7,2],"21":[3,1],"22":[4,0],"23":[4,0]},"f":{"1":63,"2":40,"3":30,"4":7,"5":6,"6":9,"7":3,"8":7,"9":1,"10":9,"11":4,"12":4,"13":40},"fnMap":{"1":{"name":"onlyFactory","line":31,"loc":{"start":{"line":31,"column":4},"end":{"line":31,"column":24}}},"2":{"name":"Channel","line":39,"loc":{"start":{"line":39,"column":4},"end":{"line":41,"column":5}}},"3":{"name":"recharge","line":58,"loc":{"start":{"line":58,"column":4},"end":{"line":62,"column":5}}},"4":{"name":"withdraw","line":77,"loc":{"start":{"line":77,"column":4},"end":{"line":81,"column":5}}},"5":{"name":"mutualSettlement","line":102,"loc":{"start":{"line":102,"column":4},"end":{"line":106,"column":5}}},"6":{"name":"challengedSettlement","line":120,"loc":{"start":{"line":120,"column":4},"end":{"line":124,"column":5}}},"7":{"name":"afterChallengeSettle","line":138,"loc":{"start":{"line":138,"column":4},"end":{"line":142,"column":5}}},"8":{"name":"getChannelInfo","line":154,"loc":{"start":{"line":154,"column":4},"end":{"line":154,"column":119}}},"9":{"name":"getChallengeInfo","line":170,"loc":{"start":{"line":170,"column":4},"end":{"line":170,"column":82}}},"10":{"name":"extractBalanceProofSignature","line":187,"loc":{"start":{"line":187,"column":4},"end":{"line":190,"column":5}}},"11":{"name":"extractClosingSignature","line":205,"loc":{"start":{"line":205,"column":4},"end":{"line":208,"column":5}}},"12":{"name":"settleChannel","line":221,"loc":{"start":{"line":221,"column":4},"end":{"line":224,"column":5}}},"13":{"name":"addressHasCode","line":241,"loc":{"start":{"line":241,"column":4},"end":{"line":241,"column":73}}}},"statementMap":{"1":{"start":{"line":32,"column":8},"end":{"line":32,"column":37}},"2":{"start":{"line":42,"column":8},"end":{"line":42,"column":35}},"3":{"start":{"line":43,"column":8},"end":{"line":43,"column":39}},"4":{"start":{"line":44,"column":8},"end":{"line":44,"column":27}},"5":{"start":{"line":45,"column":8},"end":{"line":45,"column":23}},"6":{"start":{"line":46,"column":8},"end":{"line":46,"column":27}},"7":{"start":{"line":47,"column":8},"end":{"line":47,"column":39}},"8":{"start":{"line":48,"column":8},"end":{"line":48,"column":41}},"9":{"start":{"line":49,"column":8},"end":{"line":49,"column":22}},"10":{"start":{"line":50,"column":8},"end":{"line":50,"column":31}},"11":{"start":{"line":63,"column":8},"end":{"line":63,"column":67}},"12":{"start":{"line":64,"column":8},"end":{"line":64,"column":34}},"13":{"start":{"line":65,"column":8},"end":{"line":65,"column":31}},"14":{"start":{"line":66,"column":8},"end":{"line":66,"column":19}},"15":{"start":{"line":82,"column":8},"end":{"line":82,"column":41}},"16":{"start":{"line":83,"column":8},"end":{"line":83,"column":66}},"17":{"start":{"line":84,"column":8},"end":{"line":84,"column":85}},"18":{"start":{"line":86,"column":8},"end":{"line":86,"column":56}},"19":{"start":{"line":87,"column":8},"end":{"line":87,"column":50}},"20":{"start":{"line":88,"column":8},"end":{"line":88,"column":19}},"21":{"start":{"line":107,"column":8},"end":{"line":107,"column":72}},"22":{"start":{"line":108,"column":8},"end":{"line":108,"column":66}},"23":{"start":{"line":109,"column":8},"end":{"line":109,"column":85}},"24":{"start":{"line":110,"column":8},"end":{"line":110,"column":84}},"25":{"start":{"line":111,"column":8},"end":{"line":111,"column":57}},"26":{"start":{"line":112,"column":8},"end":{"line":112,"column":19}},"27":{"start":{"line":125,"column":8},"end":{"line":125,"column":41}},"28":{"start":{"line":126,"column":8},"end":{"line":126,"column":44}},"29":{"start":{"line":128,"column":8},"end":{"line":128,"column":31}},"30":{"start":{"line":129,"column":8},"end":{"line":129,"column":33}},"31":{"start":{"line":130,"column":8},"end":{"line":130,"column":36}},"32":{"start":{"line":131,"column":8},"end":{"line":131,"column":19}},"33":{"start":{"line":143,"column":8},"end":{"line":143,"column":43}},"34":{"start":{"line":144,"column":8},"end":{"line":144,"column":70}},"35":{"start":{"line":146,"column":8},"end":{"line":146,"column":67}},"36":{"start":{"line":147,"column":8},"end":{"line":147,"column":33}},"37":{"start":{"line":155,"column":8},"end":{"line":155,"column":4583}},"38":{"start":{"line":171,"column":8},"end":{"line":171,"column":43}},"39":{"start":{"line":172,"column":8},"end":{"line":172,"column":5080}},"40":{"start":{"line":191,"column":8},"end":{"line":191,"column":77}},"41":{"start":{"line":192,"column":8},"end":{"line":192,"column":103}},"42":{"start":{"line":193,"column":8},"end":{"line":193,"column":19}},"43":{"start":{"line":209,"column":8},"end":{"line":209,"column":75}},"44":{"start":{"line":210,"column":8},"end":{"line":210,"column":105}},"45":{"start":{"line":211,"column":8},"end":{"line":211,"column":19}},"46":{"start":{"line":226,"column":8},"end":{"line":226,"column":68}},"47":{"start":{"line":227,"column":8},"end":{"line":227,"column":68}},"48":{"start":{"line":228,"column":8},"end":{"line":228,"column":29}},"49":{"start":{"line":229,"column":8},"end":{"line":229,"column":73}},"50":{"start":{"line":232,"column":8},"end":{"line":232,"column":93}},"51":{"start":{"line":233,"column":8},"end":{"line":233,"column":19}},"52":{"start":{"line":246,"column":8},"end":{"line":246,"column":23}}},"branchMap":{"1":{"line":32,"type":"if","locations":[{"start":{"line":32,"column":8},"end":{"line":32,"column":8}},{"start":{"line":32,"column":8},"end":{"line":32,"column":8}}]},"2":{"line":43,"type":"if","locations":[{"start":{"line":43,"column":8},"end":{"line":43,"column":8}},{"start":{"line":43,"column":8},"end":{"line":43,"column":8}}]},"3":{"line":47,"type":"if","locations":[{"start":{"line":47,"column":8},"end":{"line":47,"column":8}},{"start":{"line":47,"column":8},"end":{"line":47,"column":8}}]},"4":{"line":63,"type":"if","locations":[{"start":{"line":63,"column":8},"end":{"line":63,"column":8}},{"start":{"line":63,"column":8},"end":{"line":63,"column":8}}]},"5":{"line":82,"type":"if","locations":[{"start":{"line":82,"column":8},"end":{"line":82,"column":8}},{"start":{"line":82,"column":8},"end":{"line":82,"column":8}}]},"6":{"line":83,"type":"if","locations":[{"start":{"line":83,"column":8},"end":{"line":83,"column":8}},{"start":{"line":83,"column":8},"end":{"line":83,"column":8}}]},"7":{"line":84,"type":"if","locations":[{"start":{"line":84,"column":8},"end":{"line":84,"column":8}},{"start":{"line":84,"column":8},"end":{"line":84,"column":8}}]},"8":{"line":87,"type":"if","locations":[{"start":{"line":87,"column":8},"end":{"line":87,"column":8}},{"start":{"line":87,"column":8},"end":{"line":87,"column":8}}]},"9":{"line":107,"type":"if","locations":[{"start":{"line":107,"column":8},"end":{"line":107,"column":8}},{"start":{"line":107,"column":8},"end":{"line":107,"column":8}}]},"10":{"line":108,"type":"if","locations":[{"start":{"line":108,"column":8},"end":{"line":108,"column":8}},{"start":{"line":108,"column":8},"end":{"line":108,"column":8}}]},"11":{"line":109,"type":"if","locations":[{"start":{"line":109,"column":8},"end":{"line":109,"column":8}},{"start":{"line":109,"column":8},"end":{"line":109,"column":8}}]},"12":{"line":110,"type":"if","locations":[{"start":{"line":110,"column":8},"end":{"line":110,"column":8}},{"start":{"line":110,"column":8},"end":{"line":110,"column":8}}]},"13":{"line":111,"type":"if","locations":[{"start":{"line":111,"column":8},"end":{"line":111,"column":8}},{"start":{"line":111,"column":8},"end":{"line":111,"column":8}}]},"14":{"line":125,"type":"if","locations":[{"start":{"line":125,"column":8},"end":{"line":125,"column":8}},{"start":{"line":125,"column":8},"end":{"line":125,"column":8}}]},"15":{"line":126,"type":"if","locations":[{"start":{"line":126,"column":8},"end":{"line":126,"column":8}},{"start":{"line":126,"column":8},"end":{"line":126,"column":8}}]},"16":{"line":143,"type":"if","locations":[{"start":{"line":143,"column":8},"end":{"line":143,"column":8}},{"start":{"line":143,"column":8},"end":{"line":143,"column":8}}]},"17":{"line":144,"type":"if","locations":[{"start":{"line":144,"column":8},"end":{"line":144,"column":8}},{"start":{"line":144,"column":8},"end":{"line":144,"column":8}}]},"18":{"line":146,"type":"if","locations":[{"start":{"line":146,"column":8},"end":{"line":146,"column":8}},{"start":{"line":146,"column":8},"end":{"line":146,"column":8}}]},"19":{"line":171,"type":"if","locations":[{"start":{"line":171,"column":8},"end":{"line":171,"column":8}},{"start":{"line":171,"column":8},"end":{"line":171,"column":8}}]},"20":{"line":192,"type":"if","locations":[{"start":{"line":192,"column":8},"end":{"line":192,"column":8}},{"start":{"line":192,"column":8},"end":{"line":192,"column":8}}]},"21":{"line":210,"type":"if","locations":[{"start":{"line":210,"column":8},"end":{"line":210,"column":8}},{"start":{"line":210,"column":8},"end":{"line":210,"column":8}}]},"22":{"line":229,"type":"if","locations":[{"start":{"line":229,"column":8},"end":{"line":229,"column":8}},{"start":{"line":229,"column":8},"end":{"line":229,"column":8}}]},"23":{"line":232,"type":"if","locations":[{"start":{"line":232,"column":8},"end":{"line":232,"column":8}},{"start":{"line":232,"column":8},"end":{"line":232,"column":8}}]}}},"contracts/Factory.sol":{"l":{"29":102,"30":97,"34":43,"35":42,"39":120,"40":114,"44":45,"45":42,"49":8,"50":7,"83":43,"96":40,"97":40,"98":40,"99":40,"100":40,"101":40,"102":40,"114":30,"115":30,"117":29,"132":7,"133":7,"135":3,"153":8,"154":6,"155":6,"157":3,"169":9,"170":9,"172":7,"183":3,"184":3,"186":1,"199":7,"212":1,"220":1,"228":1,"236":1,"245":160,"246":160,"249":160},"path":"/home/aniket/projects/wandx/paymentchannel/contracts/Factory.sol","s":{"1":102,"2":43,"3":120,"4":45,"5":8,"6":43,"7":40,"8":40,"9":40,"10":40,"11":40,"12":30,"13":30,"14":29,"15":7,"16":7,"17":3,"18":8,"19":6,"20":6,"21":3,"22":9,"23":9,"24":7,"25":3,"26":3,"27":1,"28":7,"29":1,"30":1,"31":1,"32":1,"33":160},"b":{"1":[97,5],"2":[42,1],"3":[114,6],"4":[42,3],"5":[7,1],"6":[40,0],"7":[29,1],"8":[3,4],"9":[6,2],"10":[3,3],"11":[7,2]},"f":{"1":102,"2":43,"3":120,"4":45,"5":8,"6":43,"7":40,"8":30,"9":7,"10":8,"11":9,"12":3,"13":7,"14":1,"15":1,"16":1,"17":1,"18":160},"fnMap":{"1":{"name":"nonZero","line":28,"loc":{"start":{"line":28,"column":4},"end":{"line":28,"column":31}}},"2":{"name":"nonZeroAddress","line":33,"loc":{"start":{"line":33,"column":4},"end":{"line":33,"column":40}}},"3":{"name":"isContractAddress","line":38,"loc":{"start":{"line":38,"column":4},"end":{"line":38,"column":43}}},"4":{"name":"isSender","line":43,"loc":{"start":{"line":43,"column":4},"end":{"line":43,"column":62}}},"5":{"name":"isReceiver","line":48,"loc":{"start":{"line":48,"column":4},"end":{"line":48,"column":66}}},"6":{"name":"Factory","line":82,"loc":{"start":{"line":82,"column":4},"end":{"line":82,"column":27}}},"7":{"name":"createChannel","line":92,"loc":{"start":{"line":92,"column":4},"end":{"line":95,"column":5}}},"8":{"name":"rechargeChannel","line":110,"loc":{"start":{"line":110,"column":4},"end":{"line":113,"column":5}}},"9":{"name":"withdrawFromChannel","line":128,"loc":{"start":{"line":128,"column":4},"end":{"line":131,"column":5}}},"10":{"name":"channelMutualSettlement","line":149,"loc":{"start":{"line":149,"column":4},"end":{"line":152,"column":5}}},"11":{"name":"channelChallengedSettlement","line":165,"loc":{"start":{"line":165,"column":4},"end":{"line":168,"column":5}}},"12":{"name":"channelAfterChallengeSettlement","line":179,"loc":{"start":{"line":179,"column":4},"end":{"line":182,"column":5}}},"13":{"name":"getInfo","line":194,"loc":{"start":{"line":194,"column":4},"end":{"line":198,"column":5}}},"14":{"name":"getChallengeDetails","line":207,"loc":{"start":{"line":207,"column":4},"end":{"line":211,"column":5}}},"15":{"name":"getAllChannelsAsSender","line":219,"loc":{"start":{"line":219,"column":4},"end":{"line":219,"column":70}}},"16":{"name":"getAllChannelsAsReceiver","line":227,"loc":{"start":{"line":227,"column":4},"end":{"line":227,"column":72}}},"17":{"name":"getChannelUsers","line":235,"loc":{"start":{"line":235,"column":4},"end":{"line":235,"column":92}}},"18":{"name":"addressHasCode","line":244,"loc":{"start":{"line":244,"column":4},"end":{"line":244,"column":73}}}},"statementMap":{"1":{"start":{"line":29,"column":8},"end":{"line":29,"column":26}},"2":{"start":{"line":34,"column":8},"end":{"line":34,"column":35}},"3":{"start":{"line":39,"column":8},"end":{"line":39,"column":60}},"4":{"start":{"line":44,"column":8},"end":{"line":44,"column":64}},"5":{"start":{"line":49,"column":8},"end":{"line":49,"column":68}},"6":{"start":{"line":83,"column":8},"end":{"line":83,"column":25}},"7":{"start":{"line":96,"column":8},"end":{"line":96,"column":34}},"8":{"start":{"line":97,"column":8},"end":{"line":97,"column":81}},"9":{"start":{"line":98,"column":8},"end":{"line":98,"column":39}},"10":{"start":{"line":101,"column":8},"end":{"line":101,"column":54}},"11":{"start":{"line":102,"column":8},"end":{"line":102,"column":49}},"12":{"start":{"line":114,"column":8},"end":{"line":114,"column":41}},"13":{"start":{"line":115,"column":8},"end":{"line":115,"column":42}},"14":{"start":{"line":117,"column":8},"end":{"line":117,"column":45}},"15":{"start":{"line":132,"column":8},"end":{"line":132,"column":41}},"16":{"start":{"line":133,"column":8},"end":{"line":133,"column":54}},"17":{"start":{"line":135,"column":8},"end":{"line":135,"column":44}},"18":{"start":{"line":153,"column":8},"end":{"line":153,"column":122}},"19":{"start":{"line":154,"column":8},"end":{"line":154,"column":41}},"20":{"start":{"line":155,"column":8},"end":{"line":155,"column":98}},"21":{"start":{"line":157,"column":8},"end":{"line":157,"column":43}},"22":{"start":{"line":169,"column":8},"end":{"line":169,"column":41}},"23":{"start":{"line":170,"column":8},"end":{"line":170,"column":54}},"24":{"start":{"line":172,"column":8},"end":{"line":172,"column":46}},"25":{"start":{"line":183,"column":8},"end":{"line":183,"column":41}},"26":{"start":{"line":184,"column":8},"end":{"line":184,"column":52}},"27":{"start":{"line":186,"column":8},"end":{"line":186,"column":42}},"28":{"start":{"line":199,"column":8},"end":{"line":199,"column":56}},"29":{"start":{"line":212,"column":8},"end":{"line":212,"column":58}},"30":{"start":{"line":220,"column":8},"end":{"line":220,"column":43}},"31":{"start":{"line":228,"column":8},"end":{"line":228,"column":45}},"32":{"start":{"line":236,"column":8},"end":{"line":236,"column":91}},"33":{"start":{"line":249,"column":8},"end":{"line":249,"column":23}}},"branchMap":{"1":{"line":29,"type":"if","locations":[{"start":{"line":29,"column":8},"end":{"line":29,"column":8}},{"start":{"line":29,"column":8},"end":{"line":29,"column":8}}]},"2":{"line":34,"type":"if","locations":[{"start":{"line":34,"column":8},"end":{"line":34,"column":8}},{"start":{"line":34,"column":8},"end":{"line":34,"column":8}}]},"3":{"line":39,"type":"if","locations":[{"start":{"line":39,"column":8},"end":{"line":39,"column":8}},{"start":{"line":39,"column":8},"end":{"line":39,"column":8}}]},"4":{"line":44,"type":"if","locations":[{"start":{"line":44,"column":8},"end":{"line":44,"column":8}},{"start":{"line":44,"column":8},"end":{"line":44,"column":8}}]},"5":{"line":49,"type":"if","locations":[{"start":{"line":49,"column":8},"end":{"line":49,"column":8}},{"start":{"line":49,"column":8},"end":{"line":49,"column":8}}]},"6":{"line":98,"type":"if","locations":[{"start":{"line":98,"column":8},"end":{"line":98,"column":8}},{"start":{"line":98,"column":8},"end":{"line":98,"column":8}}]},"7":{"line":115,"type":"if","locations":[{"start":{"line":115,"column":8},"end":{"line":115,"column":8}},{"start":{"line":115,"column":8},"end":{"line":115,"column":8}}]},"8":{"line":133,"type":"if","locations":[{"start":{"line":133,"column":8},"end":{"line":133,"column":8}},{"start":{"line":133,"column":8},"end":{"line":133,"column":8}}]},"9":{"line":153,"type":"if","locations":[{"start":{"line":153,"column":8},"end":{"line":153,"column":8}},{"start":{"line":153,"column":8},"end":{"line":153,"column":8}}]},"10":{"line":155,"type":"if","locations":[{"start":{"line":155,"column":8},"end":{"line":155,"column":8}},{"start":{"line":155,"column":8},"end":{"line":155,"column":8}}]},"11":{"line":170,"type":"if","locations":[{"start":{"line":170,"column":8},"end":{"line":170,"column":8}},{"start":{"line":170,"column":8},"end":{"line":170,"column":8}}]}}},"contracts/lib/SafeMath.sol":{"l":{"12":89,"13":89,"17":44,"18":44,"19":44},"path":"/home/aniket/projects/wandx/paymentchannel/contracts/lib/SafeMath.sol","s":{"1":89,"2":89,"3":44,"4":44,"5":44},"b":{"1":[89,0],"2":[44,0]},"f":{"1":89,"2":44},"fnMap":{"1":{"name":"sub","line":11,"loc":{"start":{"line":11,"column":4},"end":{"line":11,"column":68}}},"2":{"name":"add","line":16,"loc":{"start":{"line":16,"column":4},"end":{"line":16,"column":68}}}},"statementMap":{"1":{"start":{"line":12,"column":8},"end":{"line":12,"column":21}},"2":{"start":{"line":13,"column":8},"end":{"line":13,"column":20}},"3":{"start":{"line":17,"column":8},"end":{"line":17,"column":24}},"4":{"start":{"line":18,"column":8},"end":{"line":18,"column":21}},"5":{"start":{"line":19,"column":8},"end":{"line":19,"column":16}}},"branchMap":{"1":{"line":12,"type":"if","locations":[{"start":{"line":12,"column":8},"end":{"line":12,"column":8}},{"start":{"line":12,"column":8},"end":{"line":12,"column":8}}]},"2":{"line":18,"type":"if","locations":[{"start":{"line":18,"column":8},"end":{"line":18,"column":8}},{"start":{"line":18,"column":8},"end":{"line":18,"column":8}}]}}},"contracts/tests/TestToken.sol":{"l":{"30":12,"31":12,"32":12,"33":12,"34":12,"36":0,"49":30,"50":29,"51":29,"52":29,"53":29,"54":29,"55":29,"57":1,"69":49,"78":33,"80":33,"81":33,"82":33,"92":1,"106":40},"path":"/home/aniket/projects/wandx/paymentchannel/contracts/tests/TestToken.sol","s":{"1":12,"2":12,"3":12,"4":12,"5":12,"6":0,"7":30,"8":29,"9":29,"10":29,"11":29,"12":29,"13":29,"14":1,"15":49,"16":33,"17":33,"18":33,"19":33,"20":1,"21":40},"b":{"1":[12,0],"2":[29,1],"3":[33,0]},"f":{"1":12,"2":30,"3":49,"4":33,"5":1,"6":40},"fnMap":{"1":{"name":"transfer","line":29,"loc":{"start":{"line":29,"column":4},"end":{"line":29,"column":70}}},"2":{"name":"transferFrom","line":48,"loc":{"start":{"line":48,"column":4},"end":{"line":48,"column":89}}},"3":{"name":"balanceOf","line":68,"loc":{"start":{"line":68,"column":4},"end":{"line":68,"column":74}}},"4":{"name":"approve","line":72,"loc":{"start":{"line":72,"column":4},"end":{"line":72,"column":74}}},"5":{"name":"allowance","line":91,"loc":{"start":{"line":91,"column":4},"end":{"line":91,"column":94}}},"6":{"name":"TestToken","line":105,"loc":{"start":{"line":105,"column":4},"end":{"line":105,"column":29}}}},"statementMap":{"1":{"start":{"line":30,"column":8},"end":{"line":30,"column":1080}},"2":{"start":{"line":31,"column":12},"end":{"line":31,"column":66}},"3":{"start":{"line":32,"column":12},"end":{"line":32,"column":52}},"4":{"start":{"line":33,"column":12},"end":{"line":33,"column":44}},"5":{"start":{"line":34,"column":12},"end":{"line":34,"column":23}},"6":{"start":{"line":36,"column":12},"end":{"line":36,"column":24}},"7":{"start":{"line":49,"column":8},"end":{"line":49,"column":1792}},"8":{"start":{"line":50,"column":12},"end":{"line":50,"column":58}},"9":{"start":{"line":51,"column":12},"end":{"line":51,"column":62}},"10":{"start":{"line":52,"column":12},"end":{"line":52,"column":52}},"11":{"start":{"line":53,"column":12},"end":{"line":53,"column":56}},"12":{"start":{"line":54,"column":12},"end":{"line":54,"column":39}},"13":{"start":{"line":55,"column":12},"end":{"line":55,"column":23}},"14":{"start":{"line":57,"column":12},"end":{"line":57,"column":24}},"15":{"start":{"line":69,"column":8},"end":{"line":69,"column":31}},"16":{"start":{"line":78,"column":8},"end":{"line":78,"column":69}},"17":{"start":{"line":80,"column":8},"end":{"line":80,"column":45}},"18":{"start":{"line":81,"column":8},"end":{"line":81,"column":45}},"19":{"start":{"line":82,"column":8},"end":{"line":82,"column":19}},"20":{"start":{"line":92,"column":8},"end":{"line":92,"column":40}},"21":{"start":{"line":106,"column":8},"end":{"line":106,"column":41}}},"branchMap":{"1":{"line":30,"type":"if","locations":[{"start":{"line":30,"column":8},"end":{"line":30,"column":8}},{"start":{"line":30,"column":8},"end":{"line":30,"column":8}}]},"2":{"line":49,"type":"if","locations":[{"start":{"line":49,"column":8},"end":{"line":49,"column":8}},{"start":{"line":49,"column":8},"end":{"line":49,"column":8}}]},"3":{"line":78,"type":"if","locations":[{"start":{"line":78,"column":8},"end":{"line":78,"column":8}},{"start":{"line":78,"column":8},"end":{"line":78,"column":8}}]}}},"contracts/token/Token.sol":{"l":{},"path":"/home/aniket/projects/wandx/paymentchannel/contracts/token/Token.sol","s":{},"b":{},"f":{},"fnMap":{},"statementMap":{},"branchMap":{}}}