TN:
SF:/home/aniket/projects/wandx/paymentchannel/contracts/Channel.sol
FN:28,onlyFactory
FN:33,originReceiver
FN:38,originSender
FN:43,originSenderOrReceiver
FN:48,Channel
FN:62,recharge
FN:75,withdraw
FN:98,mutualSettlement
FN:126,challengedSettlement
FN:140,afterChallengeSettle
FN:153,getChannelInfo
FN:165,getChallengeInfo
FN:173,extractBalanceProofSignature
FN:189,extractClosingSignature
FN:205,settleChannel
FN:220,addressHasCode
FNF:16
FNH:16
FNDA:64,onlyFactory
FNDA:8,originReceiver
FNDA:44,originSender
FNDA:8,originSenderOrReceiver
FNDA:40,Channel
FNDA:29,recharge
FNDA:7,withdraw
FNDA:7,mutualSettlement
FNDA:9,challengedSettlement
FNDA:3,afterChallengeSettle
FNDA:7,getChannelInfo
FNDA:1,getChallengeInfo
FNDA:9,extractBalanceProofSignature
FNDA:4,extractClosingSignature
FNDA:4,settleChannel
FNDA:40,addressHasCode
DA:29,64
DA:30,64
DA:34,8
DA:35,7
DA:39,44
DA:40,41
DA:44,8
DA:45,7
DA:51,40
DA:52,40
DA:53,40
DA:54,40
DA:55,40
DA:56,40
DA:57,40
DA:58,40
DA:59,40
DA:67,29
DA:68,28
DA:69,28
DA:70,28
DA:72,28
DA:80,7
DA:81,5
DA:84,4
DA:89,4
DA:91,3
DA:94,3
DA:95,3
DA:103,7
DA:104,6
DA:107,5
DA:112,5
DA:114,4
DA:119,4
DA:122,3
DA:123,3
DA:131,9
DA:132,8
DA:134,7
DA:135,7
DA:136,7
DA:137,7
DA:145,3
DA:146,2
DA:148,1
DA:149,1
DA:154,7
DA:166,1
DA:167,1
DA:177,9
DA:185,9
DA:186,9
DA:193,4
DA:201,4
DA:202,4
DA:210,4
DA:211,4
DA:212,4
DA:213,4
DA:216,4
DA:217,4
DA:221,40
DA:222,40
DA:225,40
LF:65
LH:65
BRDA:29,1,0,64
BRDA:29,1,1,0
BRDA:34,2,0,7
BRDA:34,2,1,1
BRDA:39,3,0,41
BRDA:39,3,1,3
BRDA:44,4,0,7
BRDA:44,4,1,1
BRDA:52,5,0,40
BRDA:52,5,1,0
BRDA:56,6,0,40
BRDA:56,6,1,0
BRDA:67,7,0,28
BRDA:67,7,1,1
BRDA:68,8,0,28
BRDA:68,8,1,0
BRDA:80,9,0,5
BRDA:80,9,1,2
BRDA:81,10,0,4
BRDA:81,10,1,1
BRDA:89,11,0,3
BRDA:89,11,1,1
BRDA:94,12,0,3
BRDA:94,12,1,0
BRDA:103,13,0,6
BRDA:103,13,1,1
BRDA:104,14,0,5
BRDA:104,14,1,1
BRDA:112,15,0,4
BRDA:112,15,1,1
BRDA:119,16,0,3
BRDA:119,16,1,1
BRDA:122,17,0,3
BRDA:122,17,1,0
BRDA:131,18,0,8
BRDA:131,18,1,1
BRDA:132,19,0,7
BRDA:132,19,1,1
BRDA:145,20,0,2
BRDA:145,20,1,1
BRDA:146,21,0,1
BRDA:146,21,1,1
BRDA:148,22,0,1
BRDA:148,22,1,0
BRDA:166,23,0,1
BRDA:166,23,1,0
BRDA:213,24,0,4
BRDA:213,24,1,0
BRDA:216,25,0,4
BRDA:216,25,1,0
BRF:50
BRH:40
end_of_record
TN:
SF:/home/aniket/projects/wandx/paymentchannel/contracts/ECVerification.sol
FN:5,ecverify
FNF:1
FNH:1
FNDA:15,ecverify
DA:6,15
DA:8,14
DA:9,14
DA:10,14
DA:15,14
DA:22,14
DA:23,14
DA:26,14
DA:30,14
DA:31,14
DA:32,14
DA:35,14
DA:37,14
LF:13
LH:13
BRDA:6,1,0,14
BRDA:6,1,1,1
BRDA:22,2,0,14
BRDA:22,2,1,0
BRDA:26,3,0,14
BRDA:26,3,1,0
BRDA:35,4,0,14
BRDA:35,4,1,0
BRF:8
BRH:5
end_of_record
TN:
SF:/home/aniket/projects/wandx/paymentchannel/contracts/Factory.sol
FN:13,nonZero
FN:18,nonZeroAddress
FN:23,isContractAddress
FN:49,Factory
FN:54,createChannel
FN:67,rechargeChannel
FN:77,withdrawFromChannel
FN:87,channelMutualSettlement
FN:97,channelChallengedSettlement
FN:107,channelAfterChallengeSettlement
FN:117,getInfo
FN:125,getChallengeDetails
FN:133,getAllChannelsAsSender
FN:137,getAllChannelsAsReceiver
FN:141,addressHasCode
FNF:15
FNH:15
FNDA:101,nonZero
FNDA:43,nonZeroAddress
FNDA:119,isContractAddress
FNDA:43,Factory
FNDA:40,createChannel
FNDA:30,rechargeChannel
FNDA:8,withdrawFromChannel
FNDA:8,channelMutualSettlement
FNDA:10,channelChallengedSettlement
FNDA:4,channelAfterChallengeSettlement
FNDA:7,getInfo
FNDA:1,getChallengeDetails
FNDA:1,getAllChannelsAsSender
FNDA:1,getAllChannelsAsReceiver
FNDA:159,addressHasCode
DA:14,101
DA:15,96
DA:19,43
DA:20,42
DA:24,119
DA:25,113
DA:50,43
DA:58,40
DA:59,40
DA:60,40
DA:61,40
DA:62,40
DA:64,40
DA:71,30
DA:72,30
DA:74,28
DA:81,8
DA:82,8
DA:84,3
DA:91,8
DA:92,8
DA:94,3
DA:101,10
DA:102,10
DA:104,7
DA:111,4
DA:112,4
DA:114,1
DA:122,7
DA:130,1
DA:134,1
DA:138,1
DA:142,159
DA:143,159
DA:146,159
LF:35
LH:35
BRDA:14,1,0,96
BRDA:14,1,1,5
BRDA:19,2,0,42
BRDA:19,2,1,1
BRDA:24,3,0,113
BRDA:24,3,1,6
BRDA:60,4,0,40
BRDA:60,4,1,0
BRDA:72,5,0,28
BRDA:72,5,1,2
BRDA:82,6,0,3
BRDA:82,6,1,5
BRDA:92,7,0,3
BRDA:92,7,1,5
BRDA:102,8,0,7
BRDA:102,8,1,3
BRF:16
BRH:15
end_of_record
TN:
SF:/home/aniket/projects/wandx/paymentchannel/contracts/lib/safeMath.sol
FN:24,sub
FN:29,add
FNF:2
FNH:2
FNDA:87,sub
FNDA:43,add
DA:25,87
DA:26,87
DA:30,43
DA:31,43
DA:32,43
LF:5
LH:5
BRDA:25,1,0,87
BRDA:25,1,1,0
BRDA:31,2,0,43
BRDA:31,2,1,0
BRF:4
BRH:2
end_of_record
TN:
SF:/home/aniket/projects/wandx/paymentchannel/contracts/tests/TestToken.sol
FN:29,transfer
FN:48,transferFrom
FN:68,balanceOf
FN:72,approve
FN:91,allowance
FN:105,TestToken
FNF:6
FNH:6
FNDA:12,transfer
FNDA:28,transferFrom
FNDA:41,balanceOf
FNDA:31,approve
FNDA:30,allowance
FNDA:40,TestToken
DA:30,12
DA:31,12
DA:32,12
DA:33,12
DA:34,12
DA:36,0
DA:49,28
DA:50,28
DA:51,28
DA:52,28
DA:53,28
DA:54,28
DA:55,28
DA:57,0
DA:69,41
DA:78,31
DA:80,31
DA:81,31
DA:82,31
DA:92,30
DA:106,40
LF:21
LH:19
BRDA:30,1,0,12
BRDA:30,1,1,0
BRDA:49,2,0,28
BRDA:49,2,1,0
BRDA:78,3,0,31
BRDA:78,3,1,0
BRF:6
BRH:3
end_of_record
TN:
SF:/home/aniket/projects/wandx/paymentchannel/contracts/token/Token.sol
FNF:0
FNH:0
LF:0
LH:0
BRF:0
BRH:0
end_of_record
