TN:
SF:/home/aniket/projects/wandx/paymentchannel/contracts/Channel.sol
FN:31,onlyFactory
FN:39,Channel
FN:58,recharge
FN:77,withdraw
FN:103,mutualSettlement
FN:121,challengedSettlement
FN:139,afterChallengeSettle
FN:155,getChannelInfo
FN:171,getChallengeInfo
FN:187,extractBalanceProofSignature
FN:205,extractClosingSignature
FN:221,settleChannel
FN:243,addressHasCode
FNF:13
FNH:9
FNDA:23,onlyFactory
FNDA:20,Channel
FNDA:11,recharge
FNDA:0,withdraw
FNDA:0,mutualSettlement
FNDA:4,challengedSettlement
FNDA:1,afterChallengeSettle
FNDA:6,getChannelInfo
FNDA:1,getChallengeInfo
FNDA:0,extractBalanceProofSignature
FNDA:0,extractClosingSignature
FNDA:1,settleChannel
FNDA:19,addressHasCode
DA:32,23
DA:33,23
DA:42,20
DA:43,20
DA:44,19
DA:45,19
DA:46,19
DA:47,19
DA:48,19
DA:49,19
DA:50,19
DA:63,11
DA:64,8
DA:65,8
DA:66,8
DA:82,0
DA:83,0
DA:84,0
DA:86,0
DA:87,0
DA:88,0
DA:89,0
DA:108,0
DA:109,0
DA:110,0
DA:111,0
DA:112,0
DA:113,0
DA:126,4
DA:127,3
DA:129,2
DA:130,2
DA:131,2
DA:132,2
DA:144,1
DA:145,1
DA:147,1
DA:148,1
DA:156,6
DA:172,1
DA:191,0
DA:192,0
DA:193,0
DA:209,0
DA:210,0
DA:211,0
DA:226,1
DA:227,1
DA:230,1
DA:231,1
DA:233,1
DA:235,1
DA:244,19
DA:245,19
DA:248,19
LF:55
LH:36
BRDA:32,1,0,23
BRDA:32,1,1,0
BRDA:43,2,0,19
BRDA:43,2,1,1
BRDA:47,3,0,19
BRDA:47,3,1,0
BRDA:63,4,0,8
BRDA:63,4,1,3
BRDA:82,5,0,0
BRDA:82,5,1,0
BRDA:83,6,0,0
BRDA:83,6,1,0
BRDA:84,7,0,0
BRDA:84,7,1,0
BRDA:88,8,0,0
BRDA:88,8,1,0
BRDA:108,9,0,0
BRDA:108,9,1,0
BRDA:109,10,0,0
BRDA:109,10,1,0
BRDA:110,11,0,0
BRDA:110,11,1,0
BRDA:111,12,0,0
BRDA:111,12,1,0
BRDA:112,13,0,0
BRDA:112,13,1,0
BRDA:126,14,0,3
BRDA:126,14,1,1
BRDA:127,15,0,2
BRDA:127,15,1,1
BRDA:144,16,0,1
BRDA:144,16,1,0
BRDA:145,17,0,1
BRDA:145,17,1,0
BRDA:147,18,0,1
BRDA:147,18,1,0
BRDA:192,19,0,0
BRDA:192,19,1,0
BRDA:210,20,0,0
BRDA:210,20,1,0
BRDA:227,21,0,1
BRDA:227,21,1,0
BRDA:231,22,0,1
BRDA:231,22,1,0
BRDA:233,23,0,1
BRDA:233,23,1,0
BRF:46
BRH:16
end_of_record
TN:
SF:/home/aniket/projects/wandx/paymentchannel/contracts/Factory.sol
FN:28,isSender
FN:33,isReceiver
FN:67,Factory
FN:77,createChannel
FN:96,rechargeChannel
FN:114,withdrawFromChannel
FN:135,channelMutualSettlement
FN:150,channelChallengedSettlement
FN:164,channelAfterChallengeSettlement
FN:179,getInfo
FN:191,getChallengeDetails
FN:202,getAllChannelsAsSender
FN:210,getAllChannelsAsReceiver
FN:218,getChannelUsers
FN:227,addressHasCode
FNF:15
FNH:12
FNDA:20,isSender
FNDA:0,isReceiver
FNDA:23,Factory
FNDA:23,createChannel
FNDA:11,rechargeChannel
FNDA:0,withdrawFromChannel
FNDA:0,channelMutualSettlement
FNDA:4,channelChallengedSettlement
FNDA:1,channelAfterChallengeSettlement
FNDA:6,getInfo
FNDA:1,getChallengeDetails
FNDA:1,getAllChannelsAsSender
FNDA:1,getAllChannelsAsReceiver
FNDA:2,getChannelUsers
FNDA:19,addressHasCode
DA:29,20
DA:30,16
DA:34,0
DA:35,0
DA:68,23
DA:80,23
DA:81,21
DA:82,20
DA:83,20
DA:84,19
DA:85,19
DA:86,19
DA:87,19
DA:88,19
DA:100,11
DA:101,11
DA:103,8
DA:118,0
DA:119,0
DA:121,0
DA:138,0
DA:139,0
DA:140,0
DA:142,0
DA:154,4
DA:155,4
DA:157,2
DA:168,1
DA:169,1
DA:171,1
DA:183,6
DA:195,1
DA:203,1
DA:211,1
DA:219,2
DA:228,19
DA:229,19
DA:232,19
LF:38
LH:29
BRDA:29,1,0,16
BRDA:29,1,1,4
BRDA:34,2,0,0
BRDA:34,2,1,0
BRDA:80,3,0,21
BRDA:80,3,1,2
BRDA:81,4,0,20
BRDA:81,4,1,1
BRDA:84,5,0,19
BRDA:84,5,1,0
BRDA:101,6,0,8
BRDA:101,6,1,3
BRDA:119,7,0,0
BRDA:119,7,1,0
BRDA:138,8,0,0
BRDA:138,8,1,0
BRDA:140,9,0,0
BRDA:140,9,1,0
BRDA:155,10,0,2
BRDA:155,10,1,2
BRF:20
BRH:11
end_of_record
TN:
SF:/home/aniket/projects/wandx/paymentchannel/contracts/lib/SafeMath.sol
FN:11,sub
FN:16,add
FNF:2
FNH:2
FNDA:85,sub
FNDA:44,add
DA:12,85
DA:13,85
DA:17,44
DA:18,44
DA:19,44
LF:5
LH:5
BRDA:12,1,0,85
BRDA:12,1,1,0
BRDA:18,2,0,44
BRDA:18,2,1,0
BRF:4
BRH:2
end_of_record
TN:
SF:/home/aniket/projects/wandx/paymentchannel/contracts/tests/Channel_Test.sol
FN:31,onlyFactory
FN:39,Channel
FN:58,recharge
FN:77,withdraw
FN:103,mutualSettlement
FN:121,challengedSettlement
FN:139,afterChallengeSettle
FN:155,getChannelInfo
FN:171,getChallengeInfo
FN:187,extractBalanceProofSignature
FN:205,extractClosingSignature
FN:221,settleChannel
FN:243,addressHasCode
FNF:13
FNH:12
FNDA:55,onlyFactory
FNDA:24,Channel
FNDA:22,recharge
FNDA:9,withdraw
FNDA:9,mutualSettlement
FNDA:5,challengedSettlement
FNDA:2,afterChallengeSettle
FNDA:8,getChannelInfo
FNDA:0,getChallengeInfo
FNDA:12,extractBalanceProofSignature
FNDA:6,extractClosingSignature
FNDA:5,settleChannel
FNDA:24,addressHasCode
DA:32,55
DA:33,55
DA:42,24
DA:43,24
DA:44,24
DA:45,24
DA:46,24
DA:47,24
DA:48,24
DA:49,24
DA:50,24
DA:63,22
DA:64,22
DA:65,22
DA:66,22
DA:82,9
DA:83,6
DA:84,5
DA:86,4
DA:87,4
DA:88,4
DA:89,3
DA:108,9
DA:109,9
DA:110,7
DA:111,6
DA:112,5
DA:113,4
DA:126,5
DA:127,5
DA:129,5
DA:130,5
DA:131,5
DA:132,5
DA:144,2
DA:145,1
DA:147,0
DA:148,0
DA:156,8
DA:172,0
DA:191,12
DA:192,12
DA:193,10
DA:209,6
DA:210,6
DA:211,5
DA:226,5
DA:227,5
DA:230,4
DA:231,4
DA:233,4
DA:235,4
DA:244,24
DA:245,24
DA:248,24
LF:55
LH:52
BRDA:32,1,0,55
BRDA:32,1,1,0
BRDA:43,2,0,24
BRDA:43,2,1,0
BRDA:47,3,0,24
BRDA:47,3,1,0
BRDA:63,4,0,22
BRDA:63,4,1,0
BRDA:82,5,0,6
BRDA:82,5,1,3
BRDA:83,6,0,5
BRDA:83,6,1,1
BRDA:84,7,0,4
BRDA:84,7,1,1
BRDA:88,8,0,3
BRDA:88,8,1,1
BRDA:108,9,0,9
BRDA:108,9,1,0
BRDA:109,10,0,7
BRDA:109,10,1,2
BRDA:110,11,0,6
BRDA:110,11,1,1
BRDA:111,12,0,5
BRDA:111,12,1,1
BRDA:112,13,0,4
BRDA:112,13,1,1
BRDA:126,14,0,5
BRDA:126,14,1,0
BRDA:127,15,0,5
BRDA:127,15,1,0
BRDA:144,16,0,1
BRDA:144,16,1,1
BRDA:145,17,0,0
BRDA:145,17,1,1
BRDA:147,18,0,0
BRDA:147,18,1,0
BRDA:192,19,0,10
BRDA:192,19,1,2
BRDA:210,20,0,5
BRDA:210,20,1,1
BRDA:227,21,0,4
BRDA:227,21,1,1
BRDA:231,22,0,4
BRDA:231,22,1,0
BRDA:233,23,0,4
BRDA:233,23,1,0
BRF:46
BRH:34
end_of_record
TN:
SF:/home/aniket/projects/wandx/paymentchannel/contracts/tests/Factory_Test.sol
FN:28,isSender
FN:33,isReceiver
FN:67,Factory_Test
FN:77,createChannel
FN:96,rechargeChannel
FN:114,withdrawFromChannel
FN:135,channelMutualSettlement
FN:150,channelChallengedSettlement
FN:164,channelAfterChallengeSettlement
FN:179,getInfo
FN:191,getChallengeDetails
FN:202,getAllChannelsAsSender
FN:210,getAllChannelsAsReceiver
FN:218,getChannelUsers
FN:227,addressHasCode
FNF:15
FNH:11
FNDA:31,isSender
FNDA:11,isReceiver
FNDA:24,Factory_Test
FNDA:24,createChannel
FNDA:22,rechargeChannel
FNDA:9,withdrawFromChannel
FNDA:11,channelMutualSettlement
FNDA:5,channelChallengedSettlement
FNDA:2,channelAfterChallengeSettlement
FNDA:8,getInfo
FNDA:0,getChallengeDetails
FNDA:0,getAllChannelsAsSender
FNDA:0,getAllChannelsAsReceiver
FNDA:0,getChannelUsers
FNDA:24,addressHasCode
DA:29,31
DA:30,29
DA:34,11
DA:35,9
DA:68,24
DA:80,24
DA:81,24
DA:82,24
DA:83,24
DA:84,24
DA:85,24
DA:86,24
DA:87,24
DA:88,24
DA:100,22
DA:101,22
DA:103,22
DA:118,9
DA:119,9
DA:121,3
DA:138,11
DA:139,9
DA:140,9
DA:142,4
DA:154,5
DA:155,5
DA:157,5
DA:168,2
DA:169,2
DA:171,0
DA:183,8
DA:195,0
DA:203,0
DA:211,0
DA:219,0
DA:228,24
DA:229,24
DA:232,24
LF:38
LH:33
BRDA:29,1,0,29
BRDA:29,1,1,2
BRDA:34,2,0,9
BRDA:34,2,1,2
BRDA:80,3,0,24
BRDA:80,3,1,0
BRDA:81,4,0,24
BRDA:81,4,1,0
BRDA:84,5,0,24
BRDA:84,5,1,0
BRDA:101,6,0,22
BRDA:101,6,1,0
BRDA:119,7,0,3
BRDA:119,7,1,6
BRDA:138,8,0,9
BRDA:138,8,1,2
BRDA:140,9,0,4
BRDA:140,9,1,5
BRDA:155,10,0,5
BRDA:155,10,1,0
BRF:20
BRH:15
end_of_record
TN:
SF:/home/aniket/projects/wandx/paymentchannel/contracts/tests/TestToken.sol
FN:29,transfer
FN:48,transferFrom
FN:68,balanceOf
FN:72,approve
FN:91,allowance
FN:105,TestToken
FNF:6
FNH:6
FNDA:16,transfer
FNDA:33,transferFrom
FNDA:48,balanceOf
FNDA:33,approve
FNDA:2,allowance
FNDA:44,TestToken
DA:30,16
DA:31,14
DA:32,14
DA:33,14
DA:34,14
DA:36,2
DA:49,33
DA:50,30
DA:51,30
DA:52,30
DA:53,30
DA:54,30
DA:55,30
DA:57,3
DA:69,48
DA:78,33
DA:80,33
DA:81,33
DA:82,33
DA:92,2
DA:106,44
LF:21
LH:21
BRDA:30,1,0,14
BRDA:30,1,1,2
BRDA:49,2,0,30
BRDA:49,2,1,3
BRDA:78,3,0,33
BRDA:78,3,1,0
BRF:6
BRH:5
end_of_record
TN:
SF:/home/aniket/projects/wandx/paymentchannel/contracts/token/Token.sol
FNF:0
FNH:0
LF:0
LH:0
BRF:0
BRH:0
end_of_record
